2026-02-20 21:53:57,316 - Main - INFO - Starting PLSN Extraction Pipeline (Paper-aligned CLIQUE + PLSN dashboard)...
2026-02-20 21:53:57,316 - Main - INFO - Running from: F:\PyTorch_GPU\ISLs\CEE-International_shipping_lanes_\CEE_From_ports_to_routes_extracting_maritime_traffic_patterns
2026-02-20 21:53:57,316 - Main - INFO - Initializing Data Loader...
2026-02-20 21:53:57,316 - PLSN_Extraction.modules.data_loader - INFO - Loading data from F:\PyTorch_GPU\maritime_monitoring_preprocessing\interpolated_results\consolidated_ais_data_20200105_20200112.parquet...
2026-02-20 21:53:57,531 - PLSN_Extraction.modules.data_loader - INFO - Successfully loaded 565906 rows.
2026-02-20 21:53:57,531 - Main - INFO - Initializing Preprocessor...
2026-02-20 21:53:57,531 - PLSN_Extraction.modules.preprocessor - INFO - Preprocessing AIS data for anchoring/mooring points...
2026-02-20 21:53:57,599 - PLSN_Extraction.modules.preprocessor - INFO - Filtered 565906 rows -> 86951 anchoring/mooring points (anchor=15925, moored=71026).
2026-02-20 21:53:57,608 - Main - INFO - Initializing Clustering...
2026-02-20 21:53:57,609 - PLSN_Extraction.modules.clustering - INFO - Starting CLIQUE clustering (K=30, r=0.00008000, min_dense_points=None, neighbor_mode=4, require_cuda=True)
2026-02-20 21:53:57,630 - numba.cuda.cudadrv.driver - INFO - init
2026-02-20 21:53:58,261 - numba.cuda.cudadrv.driver - INFO - add pending dealloc: cuMemFree_v2 347804 bytes
2026-02-20 21:53:58,261 - numba.cuda.cudadrv.driver - INFO - add pending dealloc: cuMemFree_v2 347804 bytes
2026-02-20 21:53:58,261 - numba.cuda.cudadrv.driver - INFO - add pending dealloc: cuMemFree_v2 347804 bytes
2026-02-20 21:53:58,261 - numba.cuda.cudadrv.driver - INFO - add pending dealloc: cuMemFree_v2 347804 bytes
2026-02-20 21:53:58,269 - PLSN_Extraction.modules.clustering - INFO - Dense threshold=7 points per unit. Dense units found=69/70.
2026-02-20 21:53:58,284 - PLSN_Extraction.modules.clustering - INFO - Identified 12 clusters. Clustered points=86948, noise=3.
2026-02-20 21:53:58,288 - Main - INFO - Initializing Boundary Extractor...
2026-02-20 21:53:58,288 - PLSN_Extraction.modules.boundary_extractor - WARNING - alphashape package not available. Falling back to convex hull boundaries.
2026-02-20 21:53:58,288 - PLSN_Extraction.modules.boundary_extractor - INFO - Extracting boundaries with alpha=0.01...
2026-02-20 21:53:58,434 - PLSN_Extraction.modules.boundary_extractor - INFO - Extracted 12 valid boundaries.
2026-02-20 21:53:58,438 - Main - INFO - Initializing Network Generator...
2026-02-20 21:53:58,438 - PLSN_Extraction.modules.network_generator - INFO - Exporting nodes and boundaries...
2026-02-20 21:53:58,481 - pyogrio._io - INFO - Created 12 records
2026-02-20 21:53:58,482 - PLSN_Extraction.modules.network_generator - INFO - Boundaries saved to F:\PyTorch_GPU\ISLs\CEE-International_shipping_lanes_\CEE_From_ports_to_routes_extracting_maritime_traffic_patterns\PLSN_Extraction\results\latest_run\boundaries.geojson
2026-02-20 21:53:58,501 - PLSN_Extraction.modules.network_generator - INFO - Nodes saved to F:\PyTorch_GPU\ISLs\CEE-International_shipping_lanes_\CEE_From_ports_to_routes_extracting_maritime_traffic_patterns\PLSN_Extraction\results\latest_run\nodes.csv
2026-02-20 21:53:58,501 - PLSN_Extraction.modules.network_generator - INFO - Generating PLSN edges from clustered trajectories...
2026-02-20 21:53:58,562 - PLSN_Extraction.modules.network_generator - INFO - Edges saved to F:\PyTorch_GPU\ISLs\CEE-International_shipping_lanes_\CEE_From_ports_to_routes_extracting_maritime_traffic_patterns\PLSN_Extraction\results\latest_run\edges.csv (15 rows)
2026-02-20 21:53:58,564 - Main - INFO - Initializing PLSN Dashboard Visualization...
2026-02-20 21:53:59,781 - PLSN_Extraction.modules.visualizer - INFO - Saved enhanced PLSN dashboard HTML to F:\PyTorch_GPU\ISLs\CEE-International_shipping_lanes_\CEE_From_ports_to_routes_extracting_maritime_traffic_patterns\PLSN_Extraction\results\latest_run\plsn_map_comprehensive.html
2026-02-20 21:53:59,815 - Main - INFO - Pipeline completed successfully.
2026-02-20 21:53:59,830 - numba.cuda.cudadrv.driver - INFO - add pending dealloc: module_unload ? bytes
