2026-02-22 19:04:10,049 - Region1_PLSN - INFO - Starting PLSN Extraction Pipeline for Region 1...
2026-02-22 19:04:10,050 - Region1_PLSN - INFO - Initializing Data Loader...
2026-02-22 19:04:10,051 - PLSN_Extraction.modules.data_loader - INFO - Loading data from f:\PyTorch_GPU\ISLs\CEE-International_shipping_lanes_\Region_wise_netwoks\region_1\region_1_ais.parquet...
2026-02-22 19:04:10,165 - PLSN_Extraction.modules.data_loader - INFO - Successfully loaded 216164 rows.
2026-02-22 19:04:10,165 - Region1_PLSN - INFO - Initializing Preprocessor...
2026-02-22 19:04:10,165 - PLSN_Extraction.modules.preprocessor - INFO - Preprocessing AIS data for anchoring/mooring points...
2026-02-22 19:04:10,227 - PLSN_Extraction.modules.preprocessor - INFO - Filtered 216164 rows -> 35881 anchoring/mooring points (anchor=6533, moored=29348).
2026-02-22 19:04:10,233 - Region1_PLSN - INFO - Initializing Clustering...
2026-02-22 19:04:10,235 - PLSN_Extraction.modules.clustering - INFO - Starting CLIQUE clustering (K=30, r=0.00008000, min_dense_points=None, neighbor_mode=4, require_cuda=True)
2026-02-22 19:04:10,248 - numba.cuda.cudadrv.driver - INFO - init
2026-02-22 19:04:13,254 - numba.cuda.cudadrv.driver - INFO - add pending dealloc: cuMemFree_v2 143524 bytes
2026-02-22 19:04:13,254 - numba.cuda.cudadrv.driver - INFO - add pending dealloc: cuMemFree_v2 143524 bytes
2026-02-22 19:04:13,259 - numba.cuda.cudadrv.driver - INFO - add pending dealloc: cuMemFree_v2 143524 bytes
2026-02-22 19:04:13,259 - numba.cuda.cudadrv.driver - INFO - add pending dealloc: cuMemFree_v2 143524 bytes
2026-02-22 19:04:13,279 - PLSN_Extraction.modules.clustering - INFO - Dense threshold=3 points per unit. Dense units found=133/151.
2026-02-22 19:04:13,312 - PLSN_Extraction.modules.clustering - INFO - Identified 30 clusters. Clustered points=35856, noise=25.
2026-02-22 19:04:13,315 - Region1_PLSN - INFO - Initializing Boundary Extractor...
2026-02-22 19:04:13,316 - PLSN_Extraction.modules.boundary_extractor - WARNING - alphashape package not available. Falling back to convex hull boundaries.
2026-02-22 19:04:13,317 - PLSN_Extraction.modules.boundary_extractor - INFO - Extracting boundaries with alpha=0.01...
2026-02-22 19:04:13,483 - PLSN_Extraction.modules.boundary_extractor - INFO - Extracted 27 valid boundaries.
2026-02-22 19:04:13,485 - Region1_PLSN - INFO - Initializing Network Generator...
2026-02-22 19:04:13,487 - PLSN_Extraction.modules.network_generator - INFO - Exporting nodes and boundaries...
2026-02-22 19:04:14,648 - pyogrio._io - INFO - Created 27 records
2026-02-22 19:04:14,649 - PLSN_Extraction.modules.network_generator - INFO - Boundaries saved to f:\PyTorch_GPU\ISLs\CEE-International_shipping_lanes_\Region_wise_netwoks\region_1\PLSN_Extraction\results\latest_run\boundaries.geojson
2026-02-22 19:04:14,741 - PLSN_Extraction.modules.network_generator - INFO - Nodes saved to f:\PyTorch_GPU\ISLs\CEE-International_shipping_lanes_\Region_wise_netwoks\region_1\PLSN_Extraction\results\latest_run\nodes.csv
2026-02-22 19:04:14,745 - PLSN_Extraction.modules.network_generator - INFO - Generating PLSN edges from clustered trajectories...
2026-02-22 19:04:14,831 - PLSN_Extraction.modules.network_generator - INFO - Edges saved to f:\PyTorch_GPU\ISLs\CEE-International_shipping_lanes_\Region_wise_netwoks\region_1\PLSN_Extraction\results\latest_run\edges.csv (51 rows)
2026-02-22 19:04:14,832 - Region1_PLSN - INFO - Initializing PLSN Dashboard Visualization...
2026-02-22 19:04:15,439 - PLSN_Extraction.modules.visualizer - INFO - Saved enhanced PLSN dashboard HTML to f:\PyTorch_GPU\ISLs\CEE-International_shipping_lanes_\Region_wise_netwoks\region_1\PLSN_Extraction\results\latest_run\plsn_map_comprehensive.html
2026-02-22 19:04:15,451 - Region1_PLSN - INFO - Region 1 PLSN Pipeline completed successfully.
2026-02-22 19:04:15,475 - numba.cuda.cudadrv.driver - INFO - add pending dealloc: module_unload ? bytes
